-------------------------------------------------------------------------------
Test set: com.crawler.dao.impl.TestAdministratorDao
-------------------------------------------------------------------------------
Tests run: 2, Failures: 0, Errors: 2, Skipped: 0, Time elapsed: 1.048 sec <<< FAILURE!
getAll(com.crawler.dao.impl.TestAdministratorDao)  Time elapsed: 0.012 sec  <<< ERROR!
java.lang.ExceptionInInitializerError
	at com.crawler.dao.impl.TestAdministratorDao.<clinit>(TestAdministratorDao.java:14)
	at sun.reflect.NativeConstructorAccessorImpl.newInstance0(Native Method)
	at sun.reflect.NativeConstructorAccessorImpl.newInstance(NativeConstructorAccessorImpl.java:62)
	at sun.reflect.DelegatingConstructorAccessorImpl.newInstance(DelegatingConstructorAccessorImpl.java:45)
	at java.lang.reflect.Constructor.newInstance(Constructor.java:422)
	at org.junit.runners.BlockJUnit4ClassRunner.createTest(BlockJUnit4ClassRunner.java:217)
	at org.junit.runners.BlockJUnit4ClassRunner$1.runReflectiveCall(BlockJUnit4ClassRunner.java:266)
	at org.junit.internal.runners.model.ReflectiveCallable.run(ReflectiveCallable.java:12)
	at org.junit.runners.BlockJUnit4ClassRunner.methodBlock(BlockJUnit4ClassRunner.java:263)
	at org.junit.runners.BlockJUnit4ClassRunner.runChild(BlockJUnit4ClassRunner.java:78)
	at org.junit.runners.BlockJUnit4ClassRunner.runChild(BlockJUnit4ClassRunner.java:57)
	at org.junit.runners.ParentRunner$3.run(ParentRunner.java:290)
	at org.junit.runners.ParentRunner$1.schedule(ParentRunner.java:71)
	at org.junit.runners.ParentRunner.runChildren(ParentRunner.java:288)
	at org.junit.runners.ParentRunner.access$000(ParentRunner.java:58)
	at org.junit.runners.ParentRunner$2.evaluate(ParentRunner.java:268)
	at org.junit.runners.ParentRunner.run(ParentRunner.java:363)
	at org.apache.maven.surefire.junit4.JUnit4Provider.execute(JUnit4Provider.java:252)
	at org.apache.maven.surefire.junit4.JUnit4Provider.executeTestSet(JUnit4Provider.java:141)
	at org.apache.maven.surefire.junit4.JUnit4Provider.invoke(JUnit4Provider.java:112)
	at sun.reflect.NativeMethodAccessorImpl.invoke0(Native Method)
	at sun.reflect.NativeMethodAccessorImpl.invoke(NativeMethodAccessorImpl.java:62)
	at sun.reflect.DelegatingMethodAccessorImpl.invoke(DelegatingMethodAccessorImpl.java:43)
	at java.lang.reflect.Method.invoke(Method.java:497)
	at org.apache.maven.surefire.util.ReflectionUtils.invokeMethodWithArray(ReflectionUtils.java:189)
	at org.apache.maven.surefire.booter.ProviderFactory$ProviderProxy.invoke(ProviderFactory.java:165)
	at org.apache.maven.surefire.booter.ProviderFactory.invokeProvider(ProviderFactory.java:85)
	at org.apache.maven.surefire.booter.ForkedBooter.runSuitesInProcess(ForkedBooter.java:115)
	at org.apache.maven.surefire.booter.ForkedBooter.main(ForkedBooter.java:75)
Caused by: Exception [EclipseLink-30005] (Eclipse Persistence Services - 2.5.0.v20130507-3faac2b): org.eclipse.persistence.exceptions.PersistenceUnitLoadingException
Exception Description: An exception was thrown while searching for persistence archives with ClassLoader: sun.misc.Launcher$AppClassLoader@6bc7c054
Internal Exception: javax.persistence.PersistenceException: Exception [EclipseLink-28018] (Eclipse Persistence Services - 2.5.0.v20130507-3faac2b): org.eclipse.persistence.exceptions.EntityManagerSetupException
Exception Description: Predeployment of PersistenceUnit [esCourt] failed.
Internal Exception: Exception [EclipseLink-7250] (Eclipse Persistence Services - 2.5.0.v20130507-3faac2b): org.eclipse.persistence.exceptions.ValidationException
Exception Description: [class com.crawler.model.Facility] uses a non-entity [class com.crawler.model.FacilityImage] as target entity in the relationship attribute [field facilityImages].
	at org.eclipse.persistence.exceptions.PersistenceUnitLoadingException.exceptionSearchingForPersistenceResources(PersistenceUnitLoadingException.java:127)
	at org.eclipse.persistence.jpa.PersistenceProvider.createEntityManagerFactoryImpl(PersistenceProvider.java:107)
	at org.eclipse.persistence.jpa.PersistenceProvider.createEntityManagerFactory(PersistenceProvider.java:177)
	at javax.persistence.Persistence.createEntityManagerFactory(Persistence.java:79)
	at javax.persistence.Persistence.createEntityManagerFactory(Persistence.java:54)
	at com.crawler.dao.Dao.<clinit>(Dao.java:13)
	... 29 more
Caused by: javax.persistence.PersistenceException: Exception [EclipseLink-28018] (Eclipse Persistence Services - 2.5.0.v20130507-3faac2b): org.eclipse.persistence.exceptions.EntityManagerSetupException
Exception Description: Predeployment of PersistenceUnit [esCourt] failed.
Internal Exception: Exception [EclipseLink-7250] (Eclipse Persistence Services - 2.5.0.v20130507-3faac2b): org.eclipse.persistence.exceptions.ValidationException
Exception Description: [class com.crawler.model.Facility] uses a non-entity [class com.crawler.model.FacilityImage] as target entity in the relationship attribute [field facilityImages].
	at org.eclipse.persistence.internal.jpa.EntityManagerSetupImpl.createPredeployFailedPersistenceException(EntityManagerSetupImpl.java:1950)
	at org.eclipse.persistence.internal.jpa.EntityManagerSetupImpl.predeploy(EntityManagerSetupImpl.java:1941)
	at org.eclipse.persistence.internal.jpa.deployment.JPAInitializer.callPredeploy(JPAInitializer.java:98)
	at org.eclipse.persistence.jpa.PersistenceProvider.createEntityManagerFactoryImpl(PersistenceProvider.java:96)
	... 33 more
Caused by: Exception [EclipseLink-28018] (Eclipse Persistence Services - 2.5.0.v20130507-3faac2b): org.eclipse.persistence.exceptions.EntityManagerSetupException
Exception Description: Predeployment of PersistenceUnit [esCourt] failed.
Internal Exception: Exception [EclipseLink-7250] (Eclipse Persistence Services - 2.5.0.v20130507-3faac2b): org.eclipse.persistence.exceptions.ValidationException
Exception Description: [class com.crawler.model.Facility] uses a non-entity [class com.crawler.model.FacilityImage] as target entity in the relationship attribute [field facilityImages].
	at org.eclipse.persistence.exceptions.EntityManagerSetupException.predeployFailed(EntityManagerSetupException.java:230)
	... 37 more
Caused by: Exception [EclipseLink-7250] (Eclipse Persistence Services - 2.5.0.v20130507-3faac2b): org.eclipse.persistence.exceptions.ValidationException
Exception Description: [class com.crawler.model.Facility] uses a non-entity [class com.crawler.model.FacilityImage] as target entity in the relationship attribute [field facilityImages].
	at org.eclipse.persistence.exceptions.ValidationException.nonEntityTargetInRelationship(ValidationException.java:1378)
	at org.eclipse.persistence.internal.jpa.metadata.accessors.mappings.RelationshipAccessor.getReferenceDescriptor(RelationshipAccessor.java:568)
	at org.eclipse.persistence.internal.jpa.metadata.accessors.mappings.RelationshipAccessor.getOwningMapping(RelationshipAccessor.java:484)
	at org.eclipse.persistence.internal.jpa.metadata.accessors.mappings.OneToManyAccessor.processOneToManyMapping(OneToManyAccessor.java:210)
	at org.eclipse.persistence.internal.jpa.metadata.accessors.mappings.OneToManyAccessor.process(OneToManyAccessor.java:143)
	at org.eclipse.persistence.internal.jpa.metadata.MetadataProject.processNonOwningRelationshipAccessors(MetadataProject.java:1564)
	at org.eclipse.persistence.internal.jpa.metadata.MetadataProject.processStage3(MetadataProject.java:1853)
	at org.eclipse.persistence.internal.jpa.metadata.MetadataProcessor.processORMMetadata(MetadataProcessor.java:580)
	at org.eclipse.persistence.internal.jpa.deployment.PersistenceUnitProcessor.processORMetadata(PersistenceUnitProcessor.java:585)
	at org.eclipse.persistence.internal.jpa.EntityManagerSetupImpl.predeploy(EntityManagerSetupImpl.java:1865)
	... 35 more

getTokyo(com.crawler.dao.impl.TestAdministratorDao)  Time elapsed: 0.001 sec  <<< ERROR!
java.lang.NoClassDefFoundError: Could not initialize class com.crawler.dao.impl.TestAdministratorDao
	at sun.reflect.NativeConstructorAccessorImpl.newInstance0(Native Method)
	at sun.reflect.NativeConstructorAccessorImpl.newInstance(NativeConstructorAccessorImpl.java:62)
	at sun.reflect.DelegatingConstructorAccessorImpl.newInstance(DelegatingConstructorAccessorImpl.java:45)
	at java.lang.reflect.Constructor.newInstance(Constructor.java:422)
	at org.junit.runners.BlockJUnit4ClassRunner.createTest(BlockJUnit4ClassRunner.java:217)
	at org.junit.runners.BlockJUnit4ClassRunner$1.runReflectiveCall(BlockJUnit4ClassRunner.java:266)
	at org.junit.internal.runners.model.ReflectiveCallable.run(ReflectiveCallable.java:12)
	at org.junit.runners.BlockJUnit4ClassRunner.methodBlock(BlockJUnit4ClassRunner.java:263)
	at org.junit.runners.BlockJUnit4ClassRunner.runChild(BlockJUnit4ClassRunner.java:78)
	at org.junit.runners.BlockJUnit4ClassRunner.runChild(BlockJUnit4ClassRunner.java:57)
	at org.junit.runners.ParentRunner$3.run(ParentRunner.java:290)
	at org.junit.runners.ParentRunner$1.schedule(ParentRunner.java:71)
	at org.junit.runners.ParentRunner.runChildren(ParentRunner.java:288)
	at org.junit.runners.ParentRunner.access$000(ParentRunner.java:58)
	at org.junit.runners.ParentRunner$2.evaluate(ParentRunner.java:268)
	at org.junit.runners.ParentRunner.run(ParentRunner.java:363)
	at org.apache.maven.surefire.junit4.JUnit4Provider.execute(JUnit4Provider.java:252)
	at org.apache.maven.surefire.junit4.JUnit4Provider.executeTestSet(JUnit4Provider.java:141)
	at org.apache.maven.surefire.junit4.JUnit4Provider.invoke(JUnit4Provider.java:112)
	at sun.reflect.NativeMethodAccessorImpl.invoke0(Native Method)
	at sun.reflect.NativeMethodAccessorImpl.invoke(NativeMethodAccessorImpl.java:62)
	at sun.reflect.DelegatingMethodAccessorImpl.invoke(DelegatingMethodAccessorImpl.java:43)
	at java.lang.reflect.Method.invoke(Method.java:497)
	at org.apache.maven.surefire.util.ReflectionUtils.invokeMethodWithArray(ReflectionUtils.java:189)
	at org.apache.maven.surefire.booter.ProviderFactory$ProviderProxy.invoke(ProviderFactory.java:165)
	at org.apache.maven.surefire.booter.ProviderFactory.invokeProvider(ProviderFactory.java:85)
	at org.apache.maven.surefire.booter.ForkedBooter.runSuitesInProcess(ForkedBooter.java:115)
	at org.apache.maven.surefire.booter.ForkedBooter.main(ForkedBooter.java:75)

